<?xml version="1.0" encoding="utf-8"?><testsuites name="pytest tests"><testsuite name="pytest" errors="0" failures="0" skipped="0" tests="6" time="35.519" timestamp="2026-08-27T22:59:05.575244+00:00" hostname="agent-env-ec25bec6-a4bf-4fbc-b8c8-bd60b1cc3c1b"><testcase classname="tests.backend_test.TestValidation" name="test_non_pdf_rejected" time="0.362" /><testcase classname="tests.backend_test.TestHealth" name="test_root" time="0.418" /><testcase classname="tests.backend_test.TestValidation" name="test_empty_pdf_rejected" time="0.096" /><testcase classname="tests.backend_test.TestParseScheduleJob" name="test_image_pdf_ocr_job" time="32.848" /><testcase classname="tests.backend_test.TestValidation" name="test_missing_file_returns_422" time="0.061" /><testcase classname="tests.backend_test.TestValidation" name="test_unknown_job_returns_404" time="0.064" /></testsuite></testsuites>